<?xml version="1.0" encoding="UTF-8"?>
<testsuites>
  <testsuite name="" tests="120" assertions="254" errors="0" warnings="0" failures="0" skipped="0" time="3.012375">
    <testsuite name="Project Test Suite" tests="120" assertions="254" errors="0" warnings="0" failures="0" skipped="0" time="3.012375">
      <testsuite name="App\Tests\Card\BlackJackRulesTest" file="/home/veddan/dbwebb-kurser/mvc/me/report/tests/Card/BlackJackRulesTest.php" tests="3" assertions="6" errors="0" warnings="0" failures="0" skipped="0" time="0.010995">
        <testcase name="testDetermineResultPlayerLoss" class="App\Tests\Card\BlackJackRulesTest" classname="App.Tests.Card.BlackJackRulesTest" file="/home/veddan/dbwebb-kurser/mvc/me/report/tests/Card/BlackJackRulesTest.php" line="18" assertions="2" time="0.010283"/>
        <testcase name="testDetermineResultPlayerWins" class="App\Tests\Card\BlackJackRulesTest" classname="App.Tests.Card.BlackJackRulesTest" file="/home/veddan/dbwebb-kurser/mvc/me/report/tests/Card/BlackJackRulesTest.php" line="38" assertions="2" time="0.000378"/>
        <testcase name="testDetermineResultDraw" class="App\Tests\Card\BlackJackRulesTest" classname="App.Tests.Card.BlackJackRulesTest" file="/home/veddan/dbwebb-kurser/mvc/me/report/tests/Card/BlackJackRulesTest.php" line="58" assertions="2" time="0.000334"/>
      </testsuite>
      <testsuite name="App\Tests\Card\BlackJackTest" file="/home/veddan/dbwebb-kurser/mvc/me/report/tests/Card/BlackJackTest.php" tests="10" assertions="28" errors="0" warnings="0" failures="0" skipped="0" time="0.038373">
        <testcase name="testBlackJackInit" class="App\Tests\Card\BlackJackTest" classname="App.Tests.Card.BlackJackTest" file="/home/veddan/dbwebb-kurser/mvc/me/report/tests/Card/BlackJackTest.php" line="20" assertions="2" time="0.017847"/>
        <testcase name="testStartGameOneHand" class="App\Tests\Card\BlackJackTest" classname="App.Tests.Card.BlackJackTest" file="/home/veddan/dbwebb-kurser/mvc/me/report/tests/Card/BlackJackTest.php" line="37" assertions="4" time="0.006134"/>
        <testcase name="testStartGameThreeHands" class="App\Tests\Card\BlackJackTest" classname="App.Tests.Card.BlackJackTest" file="/home/veddan/dbwebb-kurser/mvc/me/report/tests/Card/BlackJackTest.php" line="64" assertions="6" time="0.001324"/>
        <testcase name="testDrawForPlayer" class="App\Tests\Card\BlackJackTest" classname="App.Tests.Card.BlackJackTest" file="/home/veddan/dbwebb-kurser/mvc/me/report/tests/Card/BlackJackTest.php" line="96" assertions="3" time="0.002466"/>
        <testcase name="testCompareResults" class="App\Tests\Card\BlackJackTest" classname="App.Tests.Card.BlackJackTest" file="/home/veddan/dbwebb-kurser/mvc/me/report/tests/Card/BlackJackTest.php" line="124" assertions="5" time="0.003870"/>
        <testcase name="testPlayerHasBlackJack" class="App\Tests\Card\BlackJackTest" classname="App.Tests.Card.BlackJackTest" file="/home/veddan/dbwebb-kurser/mvc/me/report/tests/Card/BlackJackTest.php" line="159" assertions="1" time="0.001700"/>
        <testcase name="testDrawForBank" class="App\Tests\Card\BlackJackTest" classname="App.Tests.Card.BlackJackTest" file="/home/veddan/dbwebb-kurser/mvc/me/report/tests/Card/BlackJackTest.php" line="183" assertions="2" time="0.001919"/>
        <testcase name="testStayMoveToNextHand" class="App\Tests\Card\BlackJackTest" classname="App.Tests.Card.BlackJackTest" file="/home/veddan/dbwebb-kurser/mvc/me/report/tests/Card/BlackJackTest.php" line="209" assertions="2" time="0.001183"/>
        <testcase name="testStartGameInvalid" class="App\Tests\Card\BlackJackTest" classname="App.Tests.Card.BlackJackTest" file="/home/veddan/dbwebb-kurser/mvc/me/report/tests/Card/BlackJackTest.php" line="229" assertions="2" time="0.001260"/>
        <testcase name="testDrawForPlayerNoHand" class="App\Tests\Card\BlackJackTest" classname="App.Tests.Card.BlackJackTest" file="/home/veddan/dbwebb-kurser/mvc/me/report/tests/Card/BlackJackTest.php" line="249" assertions="1" time="0.000670"/>
      </testsuite>
      <testsuite name="App\Tests\Card\CardHandTest" file="/home/veddan/dbwebb-kurser/mvc/me/report/tests/Card/CardHandTest.php" tests="6" assertions="8" errors="0" warnings="0" failures="0" skipped="0" time="0.005389">
        <testcase name="testAddCardAndGetCards" class="App\Tests\Card\CardHandTest" classname="App.Tests.Card.CardHandTest" file="/home/veddan/dbwebb-kurser/mvc/me/report/tests/Card/CardHandTest.php" line="17" assertions="3" time="0.002305"/>
        <testcase name="testToArray" class="App\Tests\Card\CardHandTest" classname="App.Tests.Card.CardHandTest" file="/home/veddan/dbwebb-kurser/mvc/me/report/tests/Card/CardHandTest.php" line="36" assertions="1" time="0.000644"/>
        <testcase name="testGetTotal" class="App\Tests\Card\CardHandTest" classname="App.Tests.Card.CardHandTest" file="/home/veddan/dbwebb-kurser/mvc/me/report/tests/Card/CardHandTest.php" line="48" assertions="1" time="0.000444"/>
        <testcase name="testGetTotalTwoAces" class="App\Tests\Card\CardHandTest" classname="App.Tests.Card.CardHandTest" file="/home/veddan/dbwebb-kurser/mvc/me/report/tests/Card/CardHandTest.php" line="61" assertions="1" time="0.000584"/>
        <testcase name="testGetTotalMoreAces" class="App\Tests\Card\CardHandTest" classname="App.Tests.Card.CardHandTest" file="/home/veddan/dbwebb-kurser/mvc/me/report/tests/Card/CardHandTest.php" line="73" assertions="1" time="0.000946"/>
        <testcase name="testGetTotalBlackJack" class="App\Tests\Card\CardHandTest" classname="App.Tests.Card.CardHandTest" file="/home/veddan/dbwebb-kurser/mvc/me/report/tests/Card/CardHandTest.php" line="83" assertions="1" time="0.000465"/>
      </testsuite>
      <testsuite name="App\Tests\Card\CardJokerTest" file="/home/veddan/dbwebb-kurser/mvc/me/report/tests/Card/CardJokerTest.php" tests="1" assertions="1" errors="0" warnings="0" failures="0" skipped="0" time="0.001193">
        <testcase name="testCreateCardJoker" class="App\Tests\Card\CardJokerTest" classname="App.Tests.Card.CardJokerTest" file="/home/veddan/dbwebb-kurser/mvc/me/report/tests/Card/CardJokerTest.php" line="16" assertions="1" time="0.001193"/>
      </testsuite>
      <testsuite name="App\Tests\Card\CardTest" file="/home/veddan/dbwebb-kurser/mvc/me/report/tests/Card/CardTest.php" tests="6" assertions="10" errors="0" warnings="0" failures="0" skipped="0" time="0.002824">
        <testcase name="testCreateCard" class="App\Tests\Card\CardTest" classname="App.Tests.Card.CardTest" file="/home/veddan/dbwebb-kurser/mvc/me/report/tests/Card/CardTest.php" line="16" assertions="1" time="0.000365"/>
        <testcase name="testGetSuire" class="App\Tests\Card\CardTest" classname="App.Tests.Card.CardTest" file="/home/veddan/dbwebb-kurser/mvc/me/report/tests/Card/CardTest.php" line="25" assertions="1" time="0.000326"/>
        <testcase name="testGetValue" class="App\Tests\Card\CardTest" classname="App.Tests.Card.CardTest" file="/home/veddan/dbwebb-kurser/mvc/me/report/tests/Card/CardTest.php" line="34" assertions="1" time="0.000696"/>
        <testcase name="testNumericValue" class="App\Tests\Card\CardTest" classname="App.Tests.Card.CardTest" file="/home/veddan/dbwebb-kurser/mvc/me/report/tests/Card/CardTest.php" line="43" assertions="5" time="0.000518"/>
        <testcase name="testToString" class="App\Tests\Card\CardTest" classname="App.Tests.Card.CardTest" file="/home/veddan/dbwebb-kurser/mvc/me/report/tests/Card/CardTest.php" line="63" assertions="1" time="0.000461"/>
        <testcase name="testToArray" class="App\Tests\Card\CardTest" classname="App.Tests.Card.CardTest" file="/home/veddan/dbwebb-kurser/mvc/me/report/tests/Card/CardTest.php" line="73" assertions="1" time="0.000458"/>
      </testsuite>
      <testsuite name="App\Tests\Card\DeckTest" file="/home/veddan/dbwebb-kurser/mvc/me/report/tests/Card/DeckTest.php" tests="8" assertions="9" errors="0" warnings="0" failures="0" skipped="0" time="0.015036">
        <testcase name="testCreateDeck" class="App\Tests\Card\DeckTest" classname="App.Tests.Card.DeckTest" file="/home/veddan/dbwebb-kurser/mvc/me/report/tests/Card/DeckTest.php" line="16" assertions="1" time="0.000784"/>
        <testcase name="testShuffle" class="App\Tests\Card\DeckTest" classname="App.Tests.Card.DeckTest" file="/home/veddan/dbwebb-kurser/mvc/me/report/tests/Card/DeckTest.php" line="25" assertions="1" time="0.009257"/>
        <testcase name="testDrawCard" class="App\Tests\Card\DeckTest" classname="App.Tests.Card.DeckTest" file="/home/veddan/dbwebb-kurser/mvc/me/report/tests/Card/DeckTest.php" line="39" assertions="1" time="0.000495"/>
        <testcase name="testDrawMoreCards" class="App\Tests\Card\DeckTest" classname="App.Tests.Card.DeckTest" file="/home/veddan/dbwebb-kurser/mvc/me/report/tests/Card/DeckTest.php" line="50" assertions="1" time="0.001081"/>
        <testcase name="testDrawMoreCardsNoCardsLeft" class="App\Tests\Card\DeckTest" classname="App.Tests.Card.DeckTest" file="/home/veddan/dbwebb-kurser/mvc/me/report/tests/Card/DeckTest.php" line="61" assertions="1" time="0.000715"/>
        <testcase name="testDrawCardIfEmpty" class="App\Tests\Card\DeckTest" classname="App.Tests.Card.DeckTest" file="/home/veddan/dbwebb-kurser/mvc/me/report/tests/Card/DeckTest.php" line="73" assertions="1" time="0.000744"/>
        <testcase name="testRemainingCards" class="App\Tests\Card\DeckTest" classname="App.Tests.Card.DeckTest" file="/home/veddan/dbwebb-kurser/mvc/me/report/tests/Card/DeckTest.php" line="84" assertions="1" time="0.000563"/>
        <testcase name="testGetCardsAsArray" class="App\Tests\Card\DeckTest" classname="App.Tests.Card.DeckTest" file="/home/veddan/dbwebb-kurser/mvc/me/report/tests/Card/DeckTest.php" line="95" assertions="2" time="0.001397"/>
      </testsuite>
      <testsuite name="App\Tests\Card\Game21Test" file="/home/veddan/dbwebb-kurser/mvc/me/report/tests/Card/Game21Test.php" tests="6" assertions="14" errors="0" warnings="0" failures="0" skipped="0" time="0.009347">
        <testcase name="testGame21Init" class="App\Tests\Card\Game21Test" classname="App.Tests.Card.Game21Test" file="/home/veddan/dbwebb-kurser/mvc/me/report/tests/Card/Game21Test.php" line="19" assertions="1" time="0.002047"/>
        <testcase name="testGetPlayerHandAndBankHand" class="App\Tests\Card\Game21Test" classname="App.Tests.Card.Game21Test" file="/home/veddan/dbwebb-kurser/mvc/me/report/tests/Card/Game21Test.php" line="38" assertions="2" time="0.001587"/>
        <testcase name="testDrawForPlayer" class="App\Tests\Card\Game21Test" classname="App.Tests.Card.Game21Test" file="/home/veddan/dbwebb-kurser/mvc/me/report/tests/Card/Game21Test.php" line="62" assertions="5" time="0.001938"/>
        <testcase name="testDrawForBankBreakIfDeckEmpty" class="App\Tests\Card\Game21Test" classname="App.Tests.Card.Game21Test" file="/home/veddan/dbwebb-kurser/mvc/me/report/tests/Card/Game21Test.php" line="92" assertions="1" time="0.000844"/>
        <testcase name="testDrawForBank" class="App\Tests\Card\Game21Test" classname="App.Tests.Card.Game21Test" file="/home/veddan/dbwebb-kurser/mvc/me/report/tests/Card/Game21Test.php" line="115" assertions="1" time="0.000705"/>
        <testcase name="testCompareResults" class="App\Tests\Card\Game21Test" classname="App.Tests.Card.Game21Test" file="/home/veddan/dbwebb-kurser/mvc/me/report/tests/Card/Game21Test.php" line="134" assertions="4" time="0.002227"/>
      </testsuite>
      <testsuite name="App\Tests\Controller\CardGameControllerJsonTest" file="/home/veddan/dbwebb-kurser/mvc/me/report/tests/Controller/CardGameControllerJsonTest.php" tests="5" assertions="8" errors="0" warnings="0" failures="0" skipped="0" time="0.657414">
        <testcase name="testGetDeck" class="App\Tests\Controller\CardGameControllerJsonTest" classname="App.Tests.Controller.CardGameControllerJsonTest" file="/home/veddan/dbwebb-kurser/mvc/me/report/tests/Controller/CardGameControllerJsonTest.php" line="17" assertions="1" time="0.540097"/>
        <testcase name="testShuffleDeck" class="App\Tests\Controller\CardGameControllerJsonTest" classname="App.Tests.Controller.CardGameControllerJsonTest" file="/home/veddan/dbwebb-kurser/mvc/me/report/tests/Controller/CardGameControllerJsonTest.php" line="30" assertions="1" time="0.016079"/>
        <testcase name="testDrawCard" class="App\Tests\Controller\CardGameControllerJsonTest" classname="App.Tests.Controller.CardGameControllerJsonTest" file="/home/veddan/dbwebb-kurser/mvc/me/report/tests/Controller/CardGameControllerJsonTest.php" line="43" assertions="1" time="0.029521"/>
        <testcase name="testDrawCards" class="App\Tests\Controller\CardGameControllerJsonTest" classname="App.Tests.Controller.CardGameControllerJsonTest" file="/home/veddan/dbwebb-kurser/mvc/me/report/tests/Controller/CardGameControllerJsonTest.php" line="57" assertions="1" time="0.027044"/>
        <testcase name="testDrawCardWhenEmptyDeck" class="App\Tests\Controller\CardGameControllerJsonTest" classname="App.Tests.Controller.CardGameControllerJsonTest" file="/home/veddan/dbwebb-kurser/mvc/me/report/tests/Controller/CardGameControllerJsonTest.php" line="70" assertions="4" time="0.044672"/>
      </testsuite>
      <testsuite name="App\Tests\Controller\CardGameControllerTest" file="/home/veddan/dbwebb-kurser/mvc/me/report/tests/Controller/CardGameControllerTest.php" tests="10" assertions="16" errors="0" warnings="0" failures="0" skipped="0" time="0.591040">
        <testcase name="testCardStart" class="App\Tests\Controller\CardGameControllerTest" classname="App.Tests.Controller.CardGameControllerTest" file="/home/veddan/dbwebb-kurser/mvc/me/report/tests/Controller/CardGameControllerTest.php" line="17" assertions="1" time="0.077463"/>
        <testcase name="testSortedDeck" class="App\Tests\Controller\CardGameControllerTest" classname="App.Tests.Controller.CardGameControllerTest" file="/home/veddan/dbwebb-kurser/mvc/me/report/tests/Controller/CardGameControllerTest.php" line="30" assertions="1" time="0.035565"/>
        <testcase name="testShuffleDeck" class="App\Tests\Controller\CardGameControllerTest" classname="App.Tests.Controller.CardGameControllerTest" file="/home/veddan/dbwebb-kurser/mvc/me/report/tests/Controller/CardGameControllerTest.php" line="43" assertions="1" time="0.040201"/>
        <testcase name="testDrawCard" class="App\Tests\Controller\CardGameControllerTest" classname="App.Tests.Controller.CardGameControllerTest" file="/home/veddan/dbwebb-kurser/mvc/me/report/tests/Controller/CardGameControllerTest.php" line="56" assertions="1" time="0.068584"/>
        <testcase name="testDrawCards" class="App\Tests\Controller\CardGameControllerTest" classname="App.Tests.Controller.CardGameControllerTest" file="/home/veddan/dbwebb-kurser/mvc/me/report/tests/Controller/CardGameControllerTest.php" line="70" assertions="1" time="0.069152"/>
        <testcase name="testEmptyDeck" class="App\Tests\Controller\CardGameControllerTest" classname="App.Tests.Controller.CardGameControllerTest" file="/home/veddan/dbwebb-kurser/mvc/me/report/tests/Controller/CardGameControllerTest.php" line="85" assertions="1" time="0.022633"/>
        <testcase name="testShowSession" class="App\Tests\Controller\CardGameControllerTest" classname="App.Tests.Controller.CardGameControllerTest" file="/home/veddan/dbwebb-kurser/mvc/me/report/tests/Controller/CardGameControllerTest.php" line="98" assertions="1" time="0.034503"/>
        <testcase name="testDeleteSession" class="App\Tests\Controller\CardGameControllerTest" classname="App.Tests.Controller.CardGameControllerTest" file="/home/veddan/dbwebb-kurser/mvc/me/report/tests/Controller/CardGameControllerTest.php" line="111" assertions="5" time="0.071695"/>
        <testcase name="testRedirectWhenDeckIsEmptyDrawCard" class="App\Tests\Controller\CardGameControllerTest" classname="App.Tests.Controller.CardGameControllerTest" file="/home/veddan/dbwebb-kurser/mvc/me/report/tests/Controller/CardGameControllerTest.php" line="131" assertions="2" time="0.089768"/>
        <testcase name="testRedirectWhenDeckIsEmptyDrawCards" class="App\Tests\Controller\CardGameControllerTest" classname="App.Tests.Controller.CardGameControllerTest" file="/home/veddan/dbwebb-kurser/mvc/me/report/tests/Controller/CardGameControllerTest.php" line="153" assertions="2" time="0.081476"/>
      </testsuite>
      <testsuite name="App\Tests\Controller\DiceGameControllerTest" file="/home/veddan/dbwebb-kurser/mvc/me/report/tests/Controller/DiceGameControllerTest.php" tests="8" assertions="17" errors="0" warnings="0" failures="0" skipped="0" time="0.216986">
        <testcase name="testHomePage" class="App\Tests\Controller\DiceGameControllerTest" classname="App.Tests.Controller.DiceGameControllerTest" file="/home/veddan/dbwebb-kurser/mvc/me/report/tests/Controller/DiceGameControllerTest.php" line="15" assertions="3" time="0.024886"/>
        <testcase name="testTestRollDice" class="App\Tests\Controller\DiceGameControllerTest" classname="App.Tests.Controller.DiceGameControllerTest" file="/home/veddan/dbwebb-kurser/mvc/me/report/tests/Controller/DiceGameControllerTest.php" line="27" assertions="3" time="0.023705"/>
        <testcase name="testRollDices" class="App\Tests\Controller\DiceGameControllerTest" classname="App.Tests.Controller.DiceGameControllerTest" file="/home/veddan/dbwebb-kurser/mvc/me/report/tests/Controller/DiceGameControllerTest.php" line="40" assertions="2" time="0.023800"/>
        <testcase name="testRollDiceHand" class="App\Tests\Controller\DiceGameControllerTest" classname="App.Tests.Controller.DiceGameControllerTest" file="/home/veddan/dbwebb-kurser/mvc/me/report/tests/Controller/DiceGameControllerTest.php" line="52" assertions="2" time="0.028993"/>
        <testcase name="testInit" class="App\Tests\Controller\DiceGameControllerTest" classname="App.Tests.Controller.DiceGameControllerTest" file="/home/veddan/dbwebb-kurser/mvc/me/report/tests/Controller/DiceGameControllerTest.php" line="65" assertions="2" time="0.020076"/>
        <testcase name="testInitPost" class="App\Tests\Controller\DiceGameControllerTest" classname="App.Tests.Controller.DiceGameControllerTest" file="/home/veddan/dbwebb-kurser/mvc/me/report/tests/Controller/DiceGameControllerTest.php" line="78" assertions="1" time="0.063604"/>
        <testcase name="testRollDicesThrowsExceptionWhenTooMany" class="App\Tests\Controller\DiceGameControllerTest" classname="App.Tests.Controller.DiceGameControllerTest" file="/home/veddan/dbwebb-kurser/mvc/me/report/tests/Controller/DiceGameControllerTest.php" line="95" assertions="2" time="0.011431"/>
        <testcase name="testRollDiceHandThrowsExceptionWhenTooMany" class="App\Tests\Controller\DiceGameControllerTest" classname="App.Tests.Controller.DiceGameControllerTest" file="/home/veddan/dbwebb-kurser/mvc/me/report/tests/Controller/DiceGameControllerTest.php" line="109" assertions="2" time="0.020491"/>
      </testsuite>
      <testsuite name="App\Tests\Controller\Game21ControllerJsonTest" file="/home/veddan/dbwebb-kurser/mvc/me/report/tests/Controller/Game21ControllerJsonTest.php" tests="2" assertions="12" errors="0" warnings="0" failures="0" skipped="0" time="0.053780">
        <testcase name="testNoGameInSession" class="App\Tests\Controller\Game21ControllerJsonTest" classname="App.Tests.Controller.Game21ControllerJsonTest" file="/home/veddan/dbwebb-kurser/mvc/me/report/tests/Controller/Game21ControllerJsonTest.php" line="15" assertions="5" time="0.015963"/>
        <testcase name="testGame21" class="App\Tests\Controller\Game21ControllerJsonTest" classname="App.Tests.Controller.Game21ControllerJsonTest" file="/home/veddan/dbwebb-kurser/mvc/me/report/tests/Controller/Game21ControllerJsonTest.php" line="35" assertions="7" time="0.037817"/>
      </testsuite>
      <testsuite name="App\Tests\Controller\Game21ControllerTest" file="/home/veddan/dbwebb-kurser/mvc/me/report/tests/Controller/Game21ControllerTest.php" tests="4" assertions="11" errors="0" warnings="0" failures="0" skipped="0" time="0.125990">
        <testcase name="testLandingPage" class="App\Tests\Controller\Game21ControllerTest" classname="App.Tests.Controller.Game21ControllerTest" file="/home/veddan/dbwebb-kurser/mvc/me/report/tests/Controller/Game21ControllerTest.php" line="17" assertions="3" time="0.025528"/>
        <testcase name="testDocumentationPage" class="App\Tests\Controller\Game21ControllerTest" classname="App.Tests.Controller.Game21ControllerTest" file="/home/veddan/dbwebb-kurser/mvc/me/report/tests/Controller/Game21ControllerTest.php" line="29" assertions="3" time="0.021447"/>
        <testcase name="testPlayGame" class="App\Tests\Controller\Game21ControllerTest" classname="App.Tests.Controller.Game21ControllerTest" file="/home/veddan/dbwebb-kurser/mvc/me/report/tests/Controller/Game21ControllerTest.php" line="42" assertions="1" time="0.019894"/>
        <testcase name="testRestartGame" class="App\Tests\Controller\Game21ControllerTest" classname="App.Tests.Controller.Game21ControllerTest" file="/home/veddan/dbwebb-kurser/mvc/me/report/tests/Controller/Game21ControllerTest.php" line="53" assertions="4" time="0.059121"/>
      </testsuite>
      <testsuite name="App\Tests\Controller\LibraryControllerJsonTest" file="/home/veddan/dbwebb-kurser/mvc/me/report/tests/Controller/LibraryControllerJsonTest.php" tests="3" assertions="8" errors="0" warnings="0" failures="0" skipped="0" time="0.413029">
        <testcase name="testApiShowLibrary" class="App\Tests\Controller\LibraryControllerJsonTest" classname="App.Tests.Controller.LibraryControllerJsonTest" file="/home/veddan/dbwebb-kurser/mvc/me/report/tests/Controller/LibraryControllerJsonTest.php" line="15" assertions="2" time="0.140404"/>
        <testcase name="testApiShowBookIsbn" class="App\Tests\Controller\LibraryControllerJsonTest" classname="App.Tests.Controller.LibraryControllerJsonTest" file="/home/veddan/dbwebb-kurser/mvc/me/report/tests/Controller/LibraryControllerJsonTest.php" line="27" assertions="5" time="0.019265"/>
        <testcase name="testApiShowBookIsbnInvalid" class="App\Tests\Controller\LibraryControllerJsonTest" classname="App.Tests.Controller.LibraryControllerJsonTest" file="/home/veddan/dbwebb-kurser/mvc/me/report/tests/Controller/LibraryControllerJsonTest.php" line="49" assertions="1" time="0.253360"/>
      </testsuite>
      <testsuite name="App\Tests\Controller\LibraryControllerTest" file="/home/veddan/dbwebb-kurser/mvc/me/report/tests/Controller/LibraryControllerTest.php" tests="7" assertions="13" errors="0" warnings="0" failures="0" skipped="0" time="0.373233">
        <testcase name="testIndexPage" class="App\Tests\Controller\LibraryControllerTest" classname="App.Tests.Controller.LibraryControllerTest" file="/home/veddan/dbwebb-kurser/mvc/me/report/tests/Controller/LibraryControllerTest.php" line="37" assertions="3" time="0.034294"/>
        <testcase name="testCreateBookForm" class="App\Tests\Controller\LibraryControllerTest" classname="App.Tests.Controller.LibraryControllerTest" file="/home/veddan/dbwebb-kurser/mvc/me/report/tests/Controller/LibraryControllerTest.php" line="49" assertions="2" time="0.024188"/>
        <testcase name="testViewBookById" class="App\Tests\Controller\LibraryControllerTest" classname="App.Tests.Controller.LibraryControllerTest" file="/home/veddan/dbwebb-kurser/mvc/me/report/tests/Controller/LibraryControllerTest.php" line="58" assertions="3" time="0.027545"/>
        <testcase name="testViewLibrary" class="App\Tests\Controller\LibraryControllerTest" classname="App.Tests.Controller.LibraryControllerTest" file="/home/veddan/dbwebb-kurser/mvc/me/report/tests/Controller/LibraryControllerTest.php" line="67" assertions="1" time="0.026998"/>
        <testcase name="testUpdateBook" class="App\Tests\Controller\LibraryControllerTest" classname="App.Tests.Controller.LibraryControllerTest" file="/home/veddan/dbwebb-kurser/mvc/me/report/tests/Controller/LibraryControllerTest.php" line="78" assertions="2" time="0.026176"/>
        <testcase name="testDeleteBook" class="App\Tests\Controller\LibraryControllerTest" classname="App.Tests.Controller.LibraryControllerTest" file="/home/veddan/dbwebb-kurser/mvc/me/report/tests/Controller/LibraryControllerTest.php" line="89" assertions="1" time="0.024431"/>
        <testcase name="testGetBookNotFound" class="App\Tests\Controller\LibraryControllerTest" classname="App.Tests.Controller.LibraryControllerTest" file="/home/veddan/dbwebb-kurser/mvc/me/report/tests/Controller/LibraryControllerTest.php" line="100" assertions="1" time="0.209604"/>
      </testsuite>
      <testsuite name="App\Tests\Controller\LuckyControllerJsonTest" file="/home/veddan/dbwebb-kurser/mvc/me/report/tests/Controller/LuckyControllerJsonTest.php" tests="1" assertions="8" errors="0" warnings="0" failures="0" skipped="0" time="0.013897">
        <testcase name="testJsonLuckyNumber" class="App\Tests\Controller\LuckyControllerJsonTest" classname="App.Tests.Controller.LuckyControllerJsonTest" file="/home/veddan/dbwebb-kurser/mvc/me/report/tests/Controller/LuckyControllerJsonTest.php" line="17" assertions="8" time="0.013897"/>
      </testsuite>
      <testsuite name="App\Tests\Controller\LuckyControllerTest" file="/home/veddan/dbwebb-kurser/mvc/me/report/tests/Controller/LuckyControllerTest.php" tests="2" assertions="6" errors="0" warnings="0" failures="0" skipped="0" time="0.026789">
        <testcase name="testLuckyNumber" class="App\Tests\Controller\LuckyControllerTest" classname="App.Tests.Controller.LuckyControllerTest" file="/home/veddan/dbwebb-kurser/mvc/me/report/tests/Controller/LuckyControllerTest.php" line="15" assertions="3" time="0.015462"/>
        <testcase name="testLuckyHello" class="App\Tests\Controller\LuckyControllerTest" classname="App.Tests.Controller.LuckyControllerTest" file="/home/veddan/dbwebb-kurser/mvc/me/report/tests/Controller/LuckyControllerTest.php" line="27" assertions="3" time="0.011327"/>
      </testsuite>
      <testsuite name="App\Tests\Controller\LuckyControllerTwigTest" file="/home/veddan/dbwebb-kurser/mvc/me/report/tests/Controller/LuckyControllerTwigTest.php" tests="9" assertions="15" errors="0" warnings="0" failures="0" skipped="0" time="0.245113">
        <testcase name="testLuckyTwig" class="App\Tests\Controller\LuckyControllerTwigTest" classname="App.Tests.Controller.LuckyControllerTwigTest" file="/home/veddan/dbwebb-kurser/mvc/me/report/tests/Controller/LuckyControllerTwigTest.php" line="17" assertions="2" time="0.024448"/>
        <testcase name="testHome" class="App\Tests\Controller\LuckyControllerTwigTest" classname="App.Tests.Controller.LuckyControllerTwigTest" file="/home/veddan/dbwebb-kurser/mvc/me/report/tests/Controller/LuckyControllerTwigTest.php" line="31" assertions="2" time="0.020138"/>
        <testcase name="testAbout" class="App\Tests\Controller\LuckyControllerTwigTest" classname="App.Tests.Controller.LuckyControllerTwigTest" file="/home/veddan/dbwebb-kurser/mvc/me/report/tests/Controller/LuckyControllerTwigTest.php" line="45" assertions="2" time="0.024289"/>
        <testcase name="testReport" class="App\Tests\Controller\LuckyControllerTwigTest" classname="App.Tests.Controller.LuckyControllerTwigTest" file="/home/veddan/dbwebb-kurser/mvc/me/report/tests/Controller/LuckyControllerTwigTest.php" line="59" assertions="2" time="0.033283"/>
        <testcase name="testApi" class="App\Tests\Controller\LuckyControllerTwigTest" classname="App.Tests.Controller.LuckyControllerTwigTest" file="/home/veddan/dbwebb-kurser/mvc/me/report/tests/Controller/LuckyControllerTwigTest.php" line="73" assertions="2" time="0.023778"/>
        <testcase name="testCard" class="App\Tests\Controller\LuckyControllerTwigTest" classname="App.Tests.Controller.LuckyControllerTwigTest" file="/home/veddan/dbwebb-kurser/mvc/me/report/tests/Controller/LuckyControllerTwigTest.php" line="87" assertions="1" time="0.025480"/>
        <testcase name="testGame" class="App\Tests\Controller\LuckyControllerTwigTest" classname="App.Tests.Controller.LuckyControllerTwigTest" file="/home/veddan/dbwebb-kurser/mvc/me/report/tests/Controller/LuckyControllerTwigTest.php" line="100" assertions="1" time="0.020758"/>
        <testcase name="testLibrary" class="App\Tests\Controller\LuckyControllerTwigTest" classname="App.Tests.Controller.LuckyControllerTwigTest" file="/home/veddan/dbwebb-kurser/mvc/me/report/tests/Controller/LuckyControllerTwigTest.php" line="113" assertions="1" time="0.024076"/>
        <testcase name="testMetrics" class="App\Tests\Controller\LuckyControllerTwigTest" classname="App.Tests.Controller.LuckyControllerTwigTest" file="/home/veddan/dbwebb-kurser/mvc/me/report/tests/Controller/LuckyControllerTwigTest.php" line="126" assertions="2" time="0.048863"/>
      </testsuite>
      <testsuite name="App\Tests\Controller\ProductControllerTest" file="/home/veddan/dbwebb-kurser/mvc/me/report/tests/Controller/ProductControllerTest.php" tests="5" assertions="7" errors="0" warnings="0" failures="0" skipped="0" time="0.163479">
        <testcase name="testIndexPage" class="App\Tests\Controller\ProductControllerTest" classname="App.Tests.Controller.ProductControllerTest" file="/home/veddan/dbwebb-kurser/mvc/me/report/tests/Controller/ProductControllerTest.php" line="15" assertions="1" time="0.023311"/>
        <testcase name="testCreateProduct" class="App\Tests\Controller\ProductControllerTest" classname="App.Tests.Controller.ProductControllerTest" file="/home/veddan/dbwebb-kurser/mvc/me/report/tests/Controller/ProductControllerTest.php" line="27" assertions="3" time="0.030746"/>
        <testcase name="testShowAllProduct" class="App\Tests\Controller\ProductControllerTest" classname="App.Tests.Controller.ProductControllerTest" file="/home/veddan/dbwebb-kurser/mvc/me/report/tests/Controller/ProductControllerTest.php" line="44" assertions="1" time="0.037705"/>
        <testcase name="testShowProductById" class="App\Tests\Controller\ProductControllerTest" classname="App.Tests.Controller.ProductControllerTest" file="/home/veddan/dbwebb-kurser/mvc/me/report/tests/Controller/ProductControllerTest.php" line="56" assertions="1" time="0.016813"/>
        <testcase name="testViewAllProduct" class="App\Tests\Controller\ProductControllerTest" classname="App.Tests.Controller.ProductControllerTest" file="/home/veddan/dbwebb-kurser/mvc/me/report/tests/Controller/ProductControllerTest.php" line="71" assertions="1" time="0.054905"/>
      </testsuite>
      <testsuite name="App\Tests\Controller\QuoteControllerJsonTest" file="/home/veddan/dbwebb-kurser/mvc/me/report/tests/Controller/QuoteControllerJsonTest.php" tests="1" assertions="4" errors="0" warnings="0" failures="0" skipped="0" time="0.017898">
        <testcase name="testJsonQuote" class="App\Tests\Controller\QuoteControllerJsonTest" classname="App.Tests.Controller.QuoteControllerJsonTest" file="/home/veddan/dbwebb-kurser/mvc/me/report/tests/Controller/QuoteControllerJsonTest.php" line="17" assertions="4" time="0.017898"/>
      </testsuite>
      <testsuite name="App\Tests\Dice\DiceGraphicTest" file="/home/veddan/dbwebb-kurser/mvc/me/report/tests/Dice/DiceGraphicTest.php" tests="2" assertions="2" errors="0" warnings="0" failures="0" skipped="0" time="0.003332">
        <testcase name="testInheritanceFromDice" class="App\Tests\Dice\DiceGraphicTest" classname="App.Tests.Dice.DiceGraphicTest" file="/home/veddan/dbwebb-kurser/mvc/me/report/tests/Dice/DiceGraphicTest.php" line="16" assertions="1" time="0.001638"/>
        <testcase name="testGetAsString" class="App\Tests\Dice\DiceGraphicTest" classname="App.Tests.Dice.DiceGraphicTest" file="/home/veddan/dbwebb-kurser/mvc/me/report/tests/Dice/DiceGraphicTest.php" line="26" assertions="1" time="0.001695"/>
      </testsuite>
      <testsuite name="App\Tests\Dice\DiceHandTest" file="/home/veddan/dbwebb-kurser/mvc/me/report/tests/Dice/DiceHandTest.php" tests="3" assertions="13" errors="0" warnings="0" failures="0" skipped="0" time="0.005106">
        <testcase name="testAddAndGetNumberDices" class="App\Tests\Dice\DiceHandTest" classname="App.Tests.Dice.DiceHandTest" file="/home/veddan/dbwebb-kurser/mvc/me/report/tests/Dice/DiceHandTest.php" line="17" assertions="1" time="0.001363"/>
        <testcase name="testRollAndGetValues" class="App\Tests\Dice\DiceHandTest" classname="App.Tests.Dice.DiceHandTest" file="/home/veddan/dbwebb-kurser/mvc/me/report/tests/Dice/DiceHandTest.php" line="29" assertions="9" time="0.002966"/>
        <testcase name="testGetString" class="App\Tests\Dice\DiceHandTest" classname="App.Tests.Dice.DiceHandTest" file="/home/veddan/dbwebb-kurser/mvc/me/report/tests/Dice/DiceHandTest.php" line="51" assertions="3" time="0.000777"/>
      </testsuite>
      <testsuite name="App\Dice\DiceTest" file="/home/veddan/dbwebb-kurser/mvc/me/report/tests/Dice/DiceTest.php" tests="4" assertions="7" errors="0" warnings="0" failures="0" skipped="0" time="0.004085">
        <testcase name="testCreateDice" class="App\Dice\DiceTest" classname="App.Dice.DiceTest" file="/home/veddan/dbwebb-kurser/mvc/me/report/tests/Dice/DiceTest.php" line="16" assertions="2" time="0.000925"/>
        <testcase name="testRollDice" class="App\Dice\DiceTest" classname="App.Dice.DiceTest" file="/home/veddan/dbwebb-kurser/mvc/me/report/tests/Dice/DiceTest.php" line="28" assertions="2" time="0.000774"/>
        <testcase name="testGetValueAfterRoll" class="App\Dice\DiceTest" classname="App.Dice.DiceTest" file="/home/veddan/dbwebb-kurser/mvc/me/report/tests/Dice/DiceTest.php" line="41" assertions="1" time="0.000994"/>
        <testcase name="testGetValueThrowsException" class="App\Dice\DiceTest" classname="App.Dice.DiceTest" file="/home/veddan/dbwebb-kurser/mvc/me/report/tests/Dice/DiceTest.php" line="51" assertions="2" time="0.001392"/>
      </testsuite>
      <testsuite name="App\Tests\Entity\LibraryTest" file="/home/veddan/dbwebb-kurser/mvc/me/report/tests/Entity/LibraryTest.php" tests="1" assertions="5" errors="0" warnings="0" failures="0" skipped="0" time="0.001417">
        <testcase name="testLibraryEntity" class="App\Tests\Entity\LibraryTest" classname="App.Tests.Entity.LibraryTest" file="/home/veddan/dbwebb-kurser/mvc/me/report/tests/Entity/LibraryTest.php" line="16" assertions="5" time="0.001417"/>
      </testsuite>
      <testsuite name="App\Tests\Entity\ProductTest" file="/home/veddan/dbwebb-kurser/mvc/me/report/tests/Entity/ProductTest.php" tests="3" assertions="3" errors="0" warnings="0" failures="0" skipped="0" time="0.001972">
        <testcase name="testSetNameAndGetName" class="App\Tests\Entity\ProductTest" classname="App.Tests.Entity.ProductTest" file="/home/veddan/dbwebb-kurser/mvc/me/report/tests/Entity/ProductTest.php" line="16" assertions="1" time="0.000731"/>
        <testcase name="testSetValueAndGetValue" class="App\Tests\Entity\ProductTest" classname="App.Tests.Entity.ProductTest" file="/home/veddan/dbwebb-kurser/mvc/me/report/tests/Entity/ProductTest.php" line="27" assertions="1" time="0.000644"/>
        <testcase name="testInitialIdIsNull" class="App\Tests\Entity\ProductTest" classname="App.Tests.Entity.ProductTest" file="/home/veddan/dbwebb-kurser/mvc/me/report/tests/Entity/ProductTest.php" line="38" assertions="1" time="0.000597"/>
      </testsuite>
      <testsuite name="App\Tests\Repository\LibraryRepositoryTest" file="/home/veddan/dbwebb-kurser/mvc/me/report/tests/Repository/LibraryRepositoryTest.php" tests="1" assertions="1" errors="0" warnings="0" failures="0" skipped="0" time="0.002464">
        <testcase name="testConstructLibraryRepository" class="App\Tests\Repository\LibraryRepositoryTest" classname="App.Tests.Repository.LibraryRepositoryTest" file="/home/veddan/dbwebb-kurser/mvc/me/report/tests/Repository/LibraryRepositoryTest.php" line="17" assertions="1" time="0.002464"/>
      </testsuite>
      <testsuite name="App\Tests\Repository\ProductRepositoryTest" file="/home/veddan/dbwebb-kurser/mvc/me/report/tests/Repository/ProductRepositoryTest.php" tests="1" assertions="1" errors="0" warnings="0" failures="0" skipped="0" time="0.000828">
        <testcase name="testConstructProductRepository" class="App\Tests\Repository\ProductRepositoryTest" classname="App.Tests.Repository.ProductRepositoryTest" file="/home/veddan/dbwebb-kurser/mvc/me/report/tests/Repository/ProductRepositoryTest.php" line="17" assertions="1" time="0.000828"/>
      </testsuite>
      <testsuite name="App\Tests\Service\GameBlackJackServiceTest" file="/home/veddan/dbwebb-kurser/mvc/me/report/tests/Service/GameBlackJackServiceTest.php" tests="3" assertions="12" errors="0" warnings="0" failures="0" skipped="0" time="0.003841">
        <testcase name="testInitorCreate" class="App\Tests\Service\GameBlackJackServiceTest" classname="App.Tests.Service.GameBlackJackServiceTest" file="/home/veddan/dbwebb-kurser/mvc/me/report/tests/Service/GameBlackJackServiceTest.php" line="32" assertions="4" time="0.002012"/>
        <testcase name="testNewRound" class="App\Tests\Service\GameBlackJackServiceTest" classname="App.Tests.Service.GameBlackJackServiceTest" file="/home/veddan/dbwebb-kurser/mvc/me/report/tests/Service/GameBlackJackServiceTest.php" line="46" assertions="3" time="0.000826"/>
        <testcase name="testProcessAction" class="App\Tests\Service\GameBlackJackServiceTest" classname="App.Tests.Service.GameBlackJackServiceTest" file="/home/veddan/dbwebb-kurser/mvc/me/report/tests/Service/GameBlackJackServiceTest.php" line="64" assertions="5" time="0.001003"/>
      </testsuite>
      <testsuite name="App\Tests\Service\GameBlackJackValidateServiceTest" file="/home/veddan/dbwebb-kurser/mvc/me/report/tests/Service/GameBlackJackValidateServiceTest.php" tests="5" assertions="9" errors="0" warnings="0" failures="0" skipped="0" time="0.007525">
        <testcase name="testValidateInput" class="App\Tests\Service\GameBlackJackValidateServiceTest" classname="App.Tests.Service.GameBlackJackValidateServiceTest" file="/home/veddan/dbwebb-kurser/mvc/me/report/tests/Service/GameBlackJackValidateServiceTest.php" line="28" assertions="4" time="0.002211"/>
        <testcase name="testValidateInputInvalidData" class="App\Tests\Service\GameBlackJackValidateServiceTest" classname="App.Tests.Service.GameBlackJackValidateServiceTest" file="/home/veddan/dbwebb-kurser/mvc/me/report/tests/Service/GameBlackJackValidateServiceTest.php" line="47" assertions="2" time="0.000505"/>
        <testcase name="testValidateBetExceedsBalance" class="App\Tests\Service\GameBlackJackValidateServiceTest" classname="App.Tests.Service.GameBlackJackValidateServiceTest" file="/home/veddan/dbwebb-kurser/mvc/me/report/tests/Service/GameBlackJackValidateServiceTest.php" line="64" assertions="1" time="0.003071"/>
        <testcase name="testValidateBet" class="App\Tests\Service\GameBlackJackValidateServiceTest" classname="App.Tests.Service.GameBlackJackValidateServiceTest" file="/home/veddan/dbwebb-kurser/mvc/me/report/tests/Service/GameBlackJackValidateServiceTest.php" line="79" assertions="1" time="0.000986"/>
        <testcase name="testValidateBetZero" class="App\Tests\Service\GameBlackJackValidateServiceTest" classname="App.Tests.Service.GameBlackJackValidateServiceTest" file="/home/veddan/dbwebb-kurser/mvc/me/report/tests/Service/GameBlackJackValidateServiceTest.php" line="93" assertions="1" time="0.000754"/>
      </testsuite>
    </testsuite>
  </testsuite>
</testsuites>
